 0000           
 0000           ; Read number from keypad and display different messages based on number
 0000           
 0000           ; RAM area
                .area bss
                
 0000           NUM::   .blkb 1
 0001           
 0001           
 0001           ;=================================================================================
                .area text
                
 0000           _main::		  
 0000           
 0000 160000                        jsr INITKEY                                         ;initialize keypad
 0003 160000                            jsr     KP_ACTIVE                                       ;turn on keypad
 0006                                   
 0006 160000                            jsr CLRSCREEN                                   ;clears LCD screen
 0009 160000                            jsr      INITLCD                                        ;initialize LCD
 000C 160000                            jsr      CURSOR                                         ;show cursor
 000F 160000                            jsr  FLUSH_BFR
 0012                                   
 0012 00                                bgnd                                                    ;takes values 1-3
 0013 160000                            jsr        GETCHAR                                      ;the resulting ASCII character is placed in accumulator B 
 0016 7B0000                            stab   NUM                                              ;stores ASCII Character in NUM
 0019 00                                bgnd
 001A                                   
 001A B60000                            ldaa   NUM                                              ;load acc a with NUM
 001D C630                              ldab   #$30                                             ;load acc with hex30 
 001F 1816                              sba                                                             ;stubtracts b from a, stores in a
 0021                                   
 0021 43                                deca                                                    ;subtract 1 from acc a
 0022 2708                              beq       DISPLAY1                                      ;if acc a is 0 then jsr Display 1
 0024 43                                deca  
 0025 270F                              beq       DISPLAY2
 0027 43                                deca
 0028 2716                              beq       DISPLAY3
 002A                                   
 002A                                   
 002A 20FE              SARA:   bra SARA
 002C           
 002C           ;=================================================================================
 002C           ; Subroutine display1
 002C           
 002C             DISPLAY1:
 002C 8600                               ldaa #$00                      ;load accumulator with LCD address
 002E CE004A                             ldx  #MESSAGE1         ;load register x with Message 1
 0031 160000                             jsr OUTSTRING
 0034 20F4                               bra SARA
 0036                                    
 0036           ;================================================================================                        
 0036           ;Subroutine 
 0036           
 0036           DISPLAY2:
 0036 8600                               ldaa #$00                      ;load accumulator with LCD address
 0038 CE0056                             ldx  #MESSAGE2         ;load register x with Message 1
 003B 160000                             jsr OUTSTRING
 003E 20EA                               bra SARA
 0040           ;================================================================================
 0040           ; subroutine display3
 0040                                    
 0040           DISPLAY3:
 0040 8600                               ldaa #$00                      ;load accumulator with LCD address
 0042 CE005E                             ldx  #MESSAGE3         ;load register x with Message 1
 0045 160000                             jsr OUTSTRING
 0048 20E0                               bra SARA
 004A                                    
 004A           ;================================================================================
 004A                                    
 004A 68656C6C6F20776F726C64 MESSAGE1:   .ascii   'hello world'            ;message to be displayed
 0055 00                                 .byte    $00           
 0056                                    
 0056 77686174207570 MESSAGE2:   .ascii   'what up'                        ;message to be displayed
 005D 00                                 .byte    $00           
 005E                                    
 005E 6865792073617261 MESSAGE3:         .ascii   'hey sara'               ;message to be displayed
 0066 00                                 .byte    $00                    
 0067                                    
                .area interrupt_vectors (abs)
                          .org          $FFFE                                              ;at reset vector location,
 FFFE 0000                .word         __start                                            ;load starting address       
